0220pa01.html
0230pa02.html
0235pa03.html
0236pa05.html
0238pa09.html
0240pa13.html
0245pa1e.html
0248pa10.html
0250pa1a.html
0252pa1b.html
0260pa08.html
0270pa07.html
0280pa06.html
0290pa1c.html
0360pa1j.html
0370pa1m.html
0380pa1p.html
0390pa1s.html
0400pa1v.html
0410pa1y.html
0420pa20.html
0430pa21.html
0440pa22.html
0450pa23.html
0460pa24.html
0470pa25.html
0480pa26.html
0482pa2f.html
0490pa27.html
0491pa29.html
0492pa28.html
0500pa2a.html
0510pa2d.html
0515pa2c.html
0520pa2b.html
0530pa2e.html
0550pa2g.html
0555pa2o.html
0570pa2i.html
0575pa2j.html
0580pa2m.html
0600pa2q.html
0610pa2s.html
0630pa31.html
0640pa32.html
0650pa33.html
0660pa34.html
0680pa36.html
0690pa37.html
0700pa38.html
0710pa39.html
0720pa3a.html
0730pa3c.html
0740pa3e.html
0750pa3g.html
0752pa3h.html
0754pa3j.html
0760pa3i.html
0770pa3k.html
0772pa3l.html
0780pa3n.html
0790pa3o.html
0795pa3u.html
0800pa3x.html
0804pa3q.html
0805pa3y.html
0806pa3r.html
0808pa3s.html
0810pa3t.html
0814pa3w.html
0816pa4a.html
0818pa4c.html
0830pa3v.html
0870pa3z.html
0871pa4h.html
0873pa40.html
0875pa41.html
0876pa42.html
0877pa43.html
0878pa44.html
0879pa46.html
0880pa47.html
0882pa48.html
0883pa49.html
0885pa4b.html
0887pa4d.html
0889pa4f.html
0891pa4j.html
0893pa4l.html
0895pa4n.html
0897pa4p.html
0898pa4r.html
0899pa4t.html
0900pa4v.html
0901pa4w.html
0902pa4x.html
0903pa4y.html
0904pa4z.html
0905pa50.html
0915pa52.html
0925pa60.html
0930pa61.html
0940pa62.html
0950pa63.html
0960pa64.html
0970pa65.html
0975pa6a.html
0980pa66.html
